Determining if the pthread_create exist failed with the following output:
Change Dir: /home/pugs/Desktop/robotics/build/CMakeFiles/CMakeTmp

Run Build Command:"/usr/bin/make" "cmTC_0241f/fast"
/usr/bin/make -f CMakeFiles/cmTC_0241f.dir/build.make CMakeFiles/cmTC_0241f.dir/build
make[1]: Entering directory '/home/pugs/Desktop/robotics/build/CMakeFiles/CMakeTmp'
Building C object CMakeFiles/cmTC_0241f.dir/CheckSymbolExists.c.o
/usr/bin/cc     -o CMakeFiles/cmTC_0241f.dir/CheckSymbolExists.c.o   -c /home/pugs/Desktop/robotics/build/CMakeFiles/CMakeTmp/CheckSymbolExists.c
Linking C executable cmTC_0241f
/usr/bin/cmake -E cmake_link_script CMakeFiles/cmTC_0241f.dir/link.txt --verbose=1
/usr/bin/cc       CMakeFiles/cmTC_0241f.dir/CheckSymbolExists.c.o  -o cmTC_0241f -rdynamic 
CMakeFiles/cmTC_0241f.dir/CheckSymbolExists.c.o: In function `main':
CheckSymbolExists.c:(.text+0x1b): undefined reference to `pthread_create'
collect2: error: ld returned 1 exit status
CMakeFiles/cmTC_0241f.dir/build.make:97: recipe for target 'cmTC_0241f' failed
make[1]: *** [cmTC_0241f] Error 1
make[1]: Leaving directory '/home/pugs/Desktop/robotics/build/CMakeFiles/CMakeTmp'
Makefile:126: recipe for target 'cmTC_0241f/fast' failed
make: *** [cmTC_0241f/fast] Error 2

File /home/pugs/Desktop/robotics/build/CMakeFiles/CMakeTmp/CheckSymbolExists.c:
/* */
#include <pthread.h>

int main(int argc, char** argv)
{
  (void)argv;
#ifndef pthread_create
  return ((int*)(&pthread_create))[argc];
#else
  (void)argc;
  return 0;
#endif
}

Determining if the function pthread_create exists in the pthreads failed with the following output:
Change Dir: /home/pugs/Desktop/robotics/build/CMakeFiles/CMakeTmp

Run Build Command:"/usr/bin/make" "cmTC_b407d/fast"
/usr/bin/make -f CMakeFiles/cmTC_b407d.dir/build.make CMakeFiles/cmTC_b407d.dir/build
make[1]: Entering directory '/home/pugs/Desktop/robotics/build/CMakeFiles/CMakeTmp'
Building C object CMakeFiles/cmTC_b407d.dir/CheckFunctionExists.c.o
/usr/bin/cc    -DCHECK_FUNCTION_EXISTS=pthread_create   -o CMakeFiles/cmTC_b407d.dir/CheckFunctionExists.c.o   -c /usr/share/cmake-3.7/Modules/CheckFunctionExists.c
Linking C executable cmTC_b407d
/usr/bin/cmake -E cmake_link_script CMakeFiles/cmTC_b407d.dir/link.txt --verbose=1
/usr/bin/cc   -DCHECK_FUNCTION_EXISTS=pthread_create    CMakeFiles/cmTC_b407d.dir/CheckFunctionExists.c.o  -o cmTC_b407d -rdynamic -lpthreads 
/usr/bin/ld: cannot find -lpthreads
collect2: error: ld returned 1 exit status
CMakeFiles/cmTC_b407d.dir/build.make:97: recipe for target 'cmTC_b407d' failed
make[1]: *** [cmTC_b407d] Error 1
make[1]: Leaving directory '/home/pugs/Desktop/robotics/build/CMakeFiles/CMakeTmp'
Makefile:126: recipe for target 'cmTC_b407d/fast' failed
make: *** [cmTC_b407d/fast] Error 2


